[2.682s] Invoking command in '/home/emilio/open_cv_example': PYTHONPATH=/home/emilio/open_cv_example/build/open_cv_example/prefix_override:/home/emilio/open_cv_example/install/open_cv_example/lib/python3.10/site-packages:${PYTHONPATH} /usr/bin/python3 setup.py egg_info --egg-base build/open_cv_example build --build-base /home/emilio/open_cv_example/build/open_cv_example/build install --record /home/emilio/open_cv_example/build/open_cv_example/install.log --single-version-externally-managed
[2.926s] running egg_info
[2.927s] writing build/open_cv_example/open_cv_example.egg-info/PKG-INFO
[2.927s] writing dependency_links to build/open_cv_example/open_cv_example.egg-info/dependency_links.txt
[2.927s] writing entry points to build/open_cv_example/open_cv_example.egg-info/entry_points.txt
[2.927s] writing requirements to build/open_cv_example/open_cv_example.egg-info/requires.txt
[2.927s] writing top-level names to build/open_cv_example/open_cv_example.egg-info/top_level.txt
[2.928s] reading manifest file 'build/open_cv_example/open_cv_example.egg-info/SOURCES.txt'
[3.079s] adding license file 'LICENSE'
[3.081s] writing manifest file 'build/open_cv_example/open_cv_example.egg-info/SOURCES.txt'
[3.082s] running build
[3.082s] running build_py
[3.084s] copying open_cv_example/cv_example.py -> /home/emilio/open_cv_example/build/open_cv_example/build/lib/open_cv_example
[3.085s] running install
[3.086s] running install_lib
[3.089s] copying /home/emilio/open_cv_example/build/open_cv_example/build/lib/open_cv_example/cv_example.py -> /home/emilio/open_cv_example/install/open_cv_example/lib/python3.10/site-packages/open_cv_example
[3.091s] byte-compiling /home/emilio/open_cv_example/install/open_cv_example/lib/python3.10/site-packages/open_cv_example/cv_example.py to cv_example.cpython-310.pyc
[3.093s] running install_data
[3.096s] running install_egg_info
[3.101s] removing '/home/emilio/open_cv_example/install/open_cv_example/lib/python3.10/site-packages/open_cv_example-0.0.0-py3.10.egg-info' (and everything under it)
[3.102s] Copying build/open_cv_example/open_cv_example.egg-info to /home/emilio/open_cv_example/install/open_cv_example/lib/python3.10/site-packages/open_cv_example-0.0.0-py3.10.egg-info
[3.133s] running install_scripts
[3.181s] Installing camara script to /home/emilio/open_cv_example/install/open_cv_example/lib/open_cv_example
[3.181s] Installing camara_sub script to /home/emilio/open_cv_example/install/open_cv_example/lib/open_cv_example
[3.181s] Installing cv_example script to /home/emilio/open_cv_example/install/open_cv_example/lib/open_cv_example
[3.181s] Installing movimiento_camara script to /home/emilio/open_cv_example/install/open_cv_example/lib/open_cv_example
[3.181s] writing list of installed files to '/home/emilio/open_cv_example/build/open_cv_example/install.log'
[3.199s] Invoked command in '/home/emilio/open_cv_example' returned '0': PYTHONPATH=/home/emilio/open_cv_example/build/open_cv_example/prefix_override:/home/emilio/open_cv_example/install/open_cv_example/lib/python3.10/site-packages:${PYTHONPATH} /usr/bin/python3 setup.py egg_info --egg-base build/open_cv_example build --build-base /home/emilio/open_cv_example/build/open_cv_example/build install --record /home/emilio/open_cv_example/build/open_cv_example/install.log --single-version-externally-managed
