[2.236s] Invoking command in '/home/emilio/open_cv_example': PYTHONPATH=/home/emilio/open_cv_example/build/open_cv_example/prefix_override:/home/emilio/open_cv_example/install/open_cv_example/lib/python3.10/site-packages:${PYTHONPATH} /usr/bin/python3 setup.py egg_info --egg-base build/open_cv_example build --build-base /home/emilio/open_cv_example/build/open_cv_example/build install --record /home/emilio/open_cv_example/build/open_cv_example/install.log --single-version-externally-managed
[2.517s] running egg_info
[2.518s] writing build/open_cv_example/open_cv_example.egg-info/PKG-INFO
[2.548s] writing dependency_links to build/open_cv_example/open_cv_example.egg-info/dependency_links.txt
[2.548s] writing entry points to build/open_cv_example/open_cv_example.egg-info/entry_points.txt
[2.548s] writing requirements to build/open_cv_example/open_cv_example.egg-info/requires.txt
[2.548s] writing top-level names to build/open_cv_example/open_cv_example.egg-info/top_level.txt
[2.549s] reading manifest file 'build/open_cv_example/open_cv_example.egg-info/SOURCES.txt'
[2.573s] adding license file 'LICENSE'
[2.574s] writing manifest file 'build/open_cv_example/open_cv_example.egg-info/SOURCES.txt'
[2.574s] running build
[2.574s] running build_py
[2.575s] copying open_cv_example/cv_example.py -> /home/emilio/open_cv_example/build/open_cv_example/build/lib/open_cv_example
[2.607s] running install
[2.608s] running install_lib
[2.608s] copying /home/emilio/open_cv_example/build/open_cv_example/build/lib/open_cv_example/cv_example.py -> /home/emilio/open_cv_example/install/open_cv_example/lib/python3.10/site-packages/open_cv_example
[2.701s] byte-compiling /home/emilio/open_cv_example/install/open_cv_example/lib/python3.10/site-packages/open_cv_example/cv_example.py to cv_example.cpython-310.pyc
[2.702s] running install_data
[2.703s] running install_egg_info
[2.704s] removing '/home/emilio/open_cv_example/install/open_cv_example/lib/python3.10/site-packages/open_cv_example-0.0.0-py3.10.egg-info' (and everything under it)
[2.704s] Copying build/open_cv_example/open_cv_example.egg-info to /home/emilio/open_cv_example/install/open_cv_example/lib/python3.10/site-packages/open_cv_example-0.0.0-py3.10.egg-info
[2.805s] running install_scripts
[2.820s] Installing camara script to /home/emilio/open_cv_example/install/open_cv_example/lib/open_cv_example
[2.870s] Installing camara_sub script to /home/emilio/open_cv_example/install/open_cv_example/lib/open_cv_example
[2.870s] Installing cv_example script to /home/emilio/open_cv_example/install/open_cv_example/lib/open_cv_example
[2.870s] Installing movimiento_camara script to /home/emilio/open_cv_example/install/open_cv_example/lib/open_cv_example
[2.871s] writing list of installed files to '/home/emilio/open_cv_example/build/open_cv_example/install.log'
[2.888s] Invoked command in '/home/emilio/open_cv_example' returned '0': PYTHONPATH=/home/emilio/open_cv_example/build/open_cv_example/prefix_override:/home/emilio/open_cv_example/install/open_cv_example/lib/python3.10/site-packages:${PYTHONPATH} /usr/bin/python3 setup.py egg_info --egg-base build/open_cv_example build --build-base /home/emilio/open_cv_example/build/open_cv_example/build install --record /home/emilio/open_cv_example/build/open_cv_example/install.log --single-version-externally-managed
